HOST_NAME	status	r15s	r1m	r15m	ut	pg	ls	it	tmp	swp	mem		type	model	cpuf	ncpus	maxmem	maxswp	server	RESOURCES
rvc-srv0136	ok	0.0	0.0	0.0	0%	0.0	0	5704	54G	188G	185G	  REDHATE5_0	X5667	310.0	8	189.3G	199.1G	Yes	()
rvc-srv0138	ok	0.0	0.0	0.0	0%	0.0	0	65	54G	51.6G	175G	  REDHATE5_0	X5667	310.0	8	189.3G	62.5G	Yes	()
rvc-srv0143	ok	0.0	0.0	0.0	0%	0.0	0	3e+5	54G	55G	185G	  REDHATE5_0	X5667	310.0	8	189.3G	62.5G	Yes	()
rvc-srv0182	ok	0.0	0.0	0.0	0%	0.0	0	1523	54G	52.2G	269G	  REDHATE5_0	X5667	310.0	8	284G	62.5G	Yes	()
rvc-srv0183	ok	0.0	0.0	0.0	0%	0.0	0	5492	53G	189G	184G	  REDHATE5_0	X5667	310.0	8	189.3G	199.1G	Yes	()
rvc-srv0184	ok	0.0	0.0	0.0	0%	0.0	0	1370	54G	51.4G	168G	  REDHATE5_0	X5667	310.0	8	189.3G	62.5G	Yes	()
rvc-srv0192	ok	0.0	0.0	0.0	0%	0.0	0	5860	185G	58.6G	177G	  REDHATE5_0	X5667	310.0	8	189.3G	62.5G	Yes	()
rvc-srv0187	ok	0.0	0.0	0.0	1%	0.0	0	1414	54G	52.3G	176G	  REDHATE5_0	X5667	310.0	8	189.3G	62.5G	Yes	()
rvc-srv0188	ok	0.0	0.0	0.0	1%	0.0	0	1398	112G	62.3G	176G	  REDHATE5_0	X5667	310.0	8	189.3G	62.5G	Yes	()
rvc-srv0189	ok	0.0	0.0	0.0	1%	0.0	0	1400	54G	51.4G	172G	  REDHATE5_0	X5667	310.0	8	189.3G	62.5G	Yes	()
rvc-srv0139	ok	0.0	0.0	0.0	2%	0.0	0	11304	54G	51.9G	173G	  REDHATE5_0	X5667	310.0	8	189.3G	62.5G	Yes	()
rvc-srv0135	ok	0.0	0.0	0.0	6%	0.0	1	27120	54G	188G	186G	  REDHATE5_0	X5667	310.0	8	189.3G	199.1G	Yes	()
rvc-srv0137	ok	0.0	0.0	0.0	6%	0.0	0	21392	54G	177G	187G	  REDHATE5_0	X5667	310.0	8	189.3G	199.1G	Yes	()
rvc-srv0185	ok	0.0	0.0	0.0	6%	0.0	0	19888	54G	183G	188G	  REDHATE5_0	X5667	310.0	8	189.3G	199.1G	Yes	()
rvc-srv0190	ok	0.0	0.0	0.0	6%	0.0	0	5328	54G	49.9G	177G	  REDHATE5_0	X5667	310.0	8	189.3G	62.5G	Yes	()
rvc-srv0191	ok	0.0	0.0	0.0	6%	0.0	0	20016	54G	50.6G	187G	  REDHATE5_0	X5667	310.0	8	189.3G	62.5G	Yes	()
rvc-srv0144	ok	0.0	0.0	0.1	8%	0.0	0	4e+5	54G	56.1G	184G	  REDHATE5_0	X5667	310.0	8	189.3G	62.5G	Yes	()
rvc-srv0147	ok	0.0	0.0	0.0	13%	0.0	0	61664	54G	52.5G	320G	  REDHATE5_0	X5667	310.0	8	378.7G	62.5G	Yes	()
rvc-srv0193	ok	0.0	0.0	0.0	13%	0.0	0	7380	54G	49.9G	185G	  REDHATE5_0	X5667	310.0	8	189.3G	62.5G	Yes	()
rvc-srv0141	ok	0.0	0.1	0.0	15%	0.0	0	1e+5	54G	55.9G	184G	  REDHATE5_0	X5667	310.0	8	189.3G	62.5G	Yes	()
rvc-srv0140	ok	0.1	0.0	0.0	16%	0.0	0	6964	54G	51.9G	156G	  REDHATE5_0	X5667	310.0	8	189.3G	62.5G	Yes	()
rvc-srv0186	ok	0.0	0.0	0.0	17%	0.0	0	22	54G	51.3G	167G	  REDHATE5_0	X5667	310.0	8	189.3G	62.5G	Yes	()
rvc-srv0133	ok	0.1	0.1	0.1	21%	0.0	0	1085	54G	51.9G	171G	  REDHATE5_0	X5667	310.0	8	189.3G	62.5G	Yes	()
rvc-srv0134	ok	0.1	0.1	0.0	21%	0.0	0	7208	54G	62.4G	165G	  REDHATE5_0	X5667	310.0	8	189.3G	62.5G	Yes	()
rvc-srv0149	ok	0.1	0.1	0.1	31%	0.0	0	61632	54G	53.5G	282G	  REDHATE5_0	X5667	310.0	8	378.7G	62.5G	Yes	()
rvc-srv0146	ok	0.1	0.1	0.1	39%	0.0	0	2e+5	54G	5M	56.3G	  REDHATE5_0	X5667	310.0	8	189.3G	62.5G	Yes	()
rvc-srv0142	ok	3.0	2.0	0.1	54%	0.0	0	3e+5	54G	56G	163G	  REDHATE5_0	X5667	310.0	8	189.3G	62.5G	Yes	()
rvc-srv0148	ok	1.9	1.3	1.0	72%	0.0	0	61664	54G	54.3G	194G	  REDHATE5_0	X5667	310.0	8	378.7G	62.5G	Yes	()
rvc-srv0150	ok	2.0	2.0	1.4	78%	0.0	0	2e+5	41G	54.1G	226G	  REDHATE5_0	X5667	310.0	8	378.7G	62.5G	Yes	()
