rvc-srv0105               REDHATE5_0   E5_2643V2 404.0    12 504.9G 187.5G    Yes ()
rvc-srv0106               REDHATE5_0   E5_2643V2 404.0    12 504.9G 187.5G    Yes ()
rvc-srv0107               REDHATE5_0   E5_2643V2 404.0    12 504.9G 187.5G    Yes ()
rvc-srv0108               REDHATE5_0   E5_2643V2 404.0    12 504.9G 187.5G    Yes ()
rvc-srv0109               REDHATE5_0   E5_2643V2 404.0    12 504.9G 187.5G    Yes ()
rvc-srv0110               REDHATE5_0   E5_2643V2 404.0    12 378.6G  62.5G    Yes ()
rvc-srv0111               REDHATE5_0   E5_2643V2 404.0    12 378.6G  62.5G    Yes ()
rvc-srv0112               REDHATE5_0   E5_2643V2 404.0    12 378.6G  62.5G    Yes ()
rvc-srv0113               REDHATE5_0   E5_2643V2 404.0    12 378.6G  62.5G    Yes ()
rvc-srv0114               REDHATE5_0   E5_2643V2 404.0    12 378.6G  62.5G    Yes ()
rvc-srv0115               REDHATE5_0   E5_2637V2 404.0     8 504.8G  62.5G    Yes ()
rvc-srv0116               REDHATE5_0   E5_2637V2 404.0     8 504.8G  62.5G    Yes ()
rvc-srv0117               REDHATE5_0   E5_2637V2 404.0     8 378.5G  62.5G    Yes ()
rvc-srv0118               REDHATE5_0   E5_2637V2 404.0     8 378.5G  62.5G    Yes ()
rvc-srv0119               REDHATE5_0   E5_2637V2 404.0     8 378.5G  62.5G    Yes ()
rvc-srv0120               REDHATE5_0   E5_2637V2 404.0     8 378.5G 187.5G    Yes ()
rvc-srv0121               REDHATE5_0   E5_2637V2 404.0     8 378.5G 187.5G    Yes ()
rvc-srv0122               REDHATE5_0   E5_2637V2 404.0     8 378.5G 187.5G    Yes ()
rvc-srv0123               REDHATE5_0   E5_2637V2 404.0     8 378.5G 187.5G    Yes ()
rvc-srv0124               REDHATE5_0   E5_2637V2 404.0     8 378.5G 187.5G    Yes ()
rvc-srv0125               REDHATE5_0   E5_2637V2 404.0     8 378.5G  62.5G    Yes ()
rvc-srv0126               REDHATE5_0   E5_2637V2 404.0     8 378.5G  62.5G    Yes ()
rvc-srv0127               REDHATE5_0   E5_2637V2 404.0     8 378.5G  62.5G    Yes ()
rvc-srv0128               REDHATE5_0   E5_2637V2 404.0     -      -      -    Yes ()
rvc-srv0129               REDHATE5_0   E5_2637V2 404.0     8 378.5G  62.5G    Yes ()
rvc-srv0130               REDHATE5_0   E5_2637V2 404.0     8 378.5G  62.5G    Yes ()
rvc-srv0131               REDHATE5_0   E5_2637V2 404.0     8 378.5G  62.5G    Yes ()
rvc-srv0132               REDHATE5_0   E5_2637V2 404.0     8 378.5G  62.5G    Yes ()
rvc-srv0133               REDHATE5_0       X5667 310.0     8 189.3G  62.5G    Yes ()
rvc-srv0134               REDHATE5_0       X5667 310.0     8 189.3G  62.5G    Yes ()
rvc-srv0135               REDHATE5_0       X5667 310.0     8 189.3G 199.1G    Yes ()
rvc-srv0136               REDHATE5_0       X5667 310.0     8 189.3G 199.1G    Yes ()
rvc-srv0137               REDHATE5_0       X5667 310.0     8 189.3G 199.1G    Yes ()
rvc-srv0138               REDHATE5_0       X5667 310.0     8 189.3G  62.5G    Yes ()
rvc-srv0139               REDHATE5_0       X5667 310.0     8 189.3G  62.5G    Yes ()
rvc-srv0140               REDHATE5_0       X5667 310.0     8 189.3G  62.5G    Yes ()
rvc-srv0141               REDHATE5_0       X5667 310.0     8 189.3G  62.5G    Yes ()
rvc-srv0142               REDHATE5_0       X5667 310.0     8 189.3G  62.5G    Yes ()
rvc-srv0143               REDHATE5_0       X5667 310.0     8 189.3G  62.5G    Yes ()
rvc-srv0144               REDHATE5_0       X5667 310.0     8 189.3G  62.5G    Yes ()
rvc-srv0145               REDHATE5_0       X5667 310.0     -      -      -    Yes ()
rvc-srv0146               REDHATE5_0       X5667 310.0     8 189.3G  62.5G    Yes ()
rvc-srv0147               REDHATE5_0       X5667 310.0     8 378.7G  62.5G    Yes ()
rvc-srv0148               REDHATE5_0       X5667 310.0     8 378.7G  62.5G    Yes ()
rvc-srv0149               REDHATE5_0       X5667 310.0     8 378.7G  62.5G    Yes ()
rvc-srv0150               REDHATE5_0       X5667 310.0     8 378.7G  62.5G    Yes ()
rvc-srv0151                 REDHATE6   E5_2660V3 365.0    20 511.8G  62.4G    Yes ()
rvc-srv0152                 REDHATE6   E5_2660V3 365.0    20 511.8G  62.4G    Yes ()
rvc-srv0153                 REDHATE6   E5_2660V3 365.0    20 511.8G  62.4G    Yes ()
rvc-srv0154                 REDHATE6   E5_2660V3 365.0    20 511.8G  62.4G    Yes ()
rvc-srv0155                 REDHATE6   E5_2660V3 365.0    20 511.8G  62.4G    Yes ()
rvc-srv0156                 REDHATE6   E5_2660V3 365.0     -      -      -    Yes ()
rvc-srv0157                 REDHATE6   E5_2660V3 365.0    20 511.8G  62.4G    Yes ()
rvc-srv0158                 REDHATE6   E5_2660V3 365.0    20 511.8G  62.4G    Yes ()
rvc-srv0159                 REDHATE6   E5_2660V3 365.0    20 511.8G  62.4G    Yes ()
rvc-srv0160                 REDHATE6   E5_2660V3 365.0    20 511.8G  62.4G    Yes ()
rvc-srv0161                 REDHATE6   E5_2660V3 365.0    20 511.8G  62.4G    Yes ()
rvc-srv0162                 REDHATE6   E5_2660V3 365.0     -      -      -    Yes ()
rvc-srv0163                 REDHATE6   E5_2660V3 365.0    20 511.8G  62.4G    Yes ()
rvc-srv0164                 REDHATE6   E5_2660V3 365.0    20 511.8G  62.4G    Yes ()
rvc-srv0165                 REDHATE6   E5_2660V3 365.0    20 511.8G  62.4G    Yes ()
rvc-srv0166                 REDHATE6   E5_2660V3 365.0    20 511.8G  62.4G    Yes ()
rvc-srv0167                 REDHATE6   E5_2660V3 365.0    20 511.8G  62.4G    Yes ()
rvc-srv0168                 REDHATE6   E5_2660V3 365.0    20 511.8G  62.4G    Yes ()
rvc-srv0169                 REDHATE6   E5_2660V3 365.0    20 511.8G  62.4G    Yes ()
rvc-srv0170                 REDHATE6   E5_2660V3 365.0    20 511.8G  62.4G    Yes ()
rvc-srv0182               REDHATE5_0       X5667 310.0     8   284G  62.5G    Yes ()
rvc-srv0183               REDHATE5_0       X5667 310.0     8 189.3G 199.1G    Yes ()
rvc-srv0184               REDHATE5_0       X5667 310.0     8 189.3G  62.5G    Yes ()
rvc-srv0185               REDHATE5_0       X5667 310.0     8 189.3G 199.1G    Yes ()
rvc-srv0186               REDHATE5_0       X5667 310.0     8 189.3G  62.5G    Yes ()
rvc-srv0187               REDHATE5_0       X5667 310.0     8 189.3G  62.5G    Yes ()
rvc-srv0188               REDHATE5_0       X5667 310.0     8 189.3G  62.5G    Yes ()
rvc-srv0189               REDHATE5_0       X5667 310.0     8 189.3G  62.5G    Yes ()
rvc-srv0190               REDHATE5_0       X5667 310.0     8 189.3G  62.5G    Yes ()
rvc-srv0191               REDHATE5_0       X5667 310.0     8 189.3G  62.5G    Yes ()
rvc-srv0192               REDHATE5_0       X5667 310.0     8 189.3G  62.5G    Yes ()
rvc-srv0193               REDHATE5_0       X5667 310.0     8 189.3G  62.5G    Yes ()
rvc-srv0210                 REDHATE6   SpMc_3300 132.0     4  63.2G  31.2G    Yes ()
rvc-srv0211                 REDHATE6   SpMc_3300 132.0     4  63.2G  31.2G    Yes ()
rvc-srv0212                 REDHATE6   E5_2643V4 429.0    12 511.8G  62.4G    Yes ()
rvc-srv0213                 REDHATE6   E5_2643V4 429.0    12 511.8G  62.4G    Yes ()
rvc-srv0214                 REDHATE6   E5_2643V4 429.0    12 511.8G  62.4G    Yes ()
rvc-srv0215                 REDHATE6   E5_2643V4 429.0    12 511.8G  62.4G    Yes ()
rvc-srv0216                 REDHATE6   E5_2643V4 429.0    12 511.8G  62.4G    Yes ()
rvc-srv0217                 REDHATE6   E5_2643V4 429.0    12 511.8G  62.4G    Yes ()
rvc-srv0218                 REDHATE6   E5_2643V4 429.0    12 511.8G  62.4G    Yes ()
rvc-srv0219                 REDHATE6   E5_2643V4 429.0    12 511.8G  62.4G    Yes ()
rvc-srv0220                 REDHATE6   E5_2643V4 429.0    12 511.8G  62.4G    Yes ()
rvc-srv0221                 REDHATE6   E5_2643V4 429.0    12 511.8G  62.4G    Yes ()
rvc-srv0222                 REDHATE6   E5_2643V4 429.0    12 511.8G  62.4G    Yes ()
rvc-srv0223                 REDHATE6   E5_2643V4 429.0    12 511.8G  62.4G    Yes ()
rvc-srv0224                 REDHATE6   E5_2643V4 429.0    12 511.8G  62.4G    Yes ()
rvc-srv0225                 REDHATE6   E5_2643V4 429.0    12 511.8G  62.4G    Yes ()
rvc-srv0226                 REDHATE6   E5_2643V4 429.0    12 511.8G  62.4G    Yes ()
rvc-srv0227                 REDHATE6   E5_2643V4 429.0    12 511.8G  62.4G    Yes ()
rvc-srv0228                 REDHATE6   E5_2643V4 429.0    12 511.8G  62.4G    Yes ()
rvc-srv0229                 REDHATE6   E5_2643V4 429.0    12 511.8G  62.4G    Yes ()
rvc-srv0230                 REDHATE6   E5_2643V4 429.0    12 511.8G  62.4G    Yes ()
rvc-srv0231                 REDHATE6   E5_2643V4 429.0    12 511.8G  62.4G    Yes ()
rvc-srv0232                 REDHATE6   E5_2643V4 429.0    12 511.8G  62.4G    Yes ()
rvc-srv0233                 REDHATE6   E5_2643V4 429.0    12 511.8G  62.4G    Yes ()
rvc-srv0234                 REDHATE6   E5_2643V4 429.0    12 511.8G  62.4G    Yes ()
rvc-srv0235                 REDHATE6   E5_2643V4 429.0    12 511.8G  62.4G    Yes ()
rvc-srv0236                 REDHATE6   E5_2643V4 429.0    12 511.8G  62.4G    Yes ()
rvc-srv0237                 REDHATE6   E5_2643V4 429.0    12 511.8G  62.4G    Yes ()
rvc-srv0238                 REDHATE6   E5_2643V4 429.0    12 511.8G  62.4G    Yes ()
rvc-srv0239                 REDHATE6   E5_2643V4 429.0    12 511.8G  62.4G    Yes ()
rvc-srv0240               REDHATE4_0   SpMc_3300 132.0     4    64G  31.2G    Yes ()
rvc-srv0241               REDHATE4_0   SpMc_3300 132.0     4    64G  31.2G    Yes ()
rvc-srv0260               REDHATE5_0       X5570 297.0     8 189.3G  62.5G    Yes ()
rvc-srv0261               REDHATE5_0       X5570 297.0     8 189.3G  62.5G    Yes ()
rvc-srv0262               REDHATE5_0       X5570 297.0     8 189.3G  62.5G    Yes ()
rvc-srv0263               REDHATE5_0       X5570 297.0     8 189.3G  62.5G    Yes ()
rvc-srv0264               REDHATE5_0       X5570 297.0     8   142G  62.5G    Yes ()
rvc-srv0265               REDHATE5_0       X5570 297.0     8  94.6G  62.5G    Yes ()
rvc-srv0266               REDHATE5_0       X5570 297.0     8   142G  62.5G    Yes ()
rvc-srv0267               REDHATE5_0       X5570 297.0     8   142G  62.5G    Yes ()
rvc-srv0268               REDHATE5_0       X5570 297.0     8   142G  62.5G    Yes ()
rvc-srv0269               REDHATE5_0       X5570 297.0     -      -      -    Yes ()
rvc-srv0270               REDHATE5_0       X5570 297.0     8   142G  62.5G    Yes ()
rvc-srv0271               REDHATE5_0       X5570 297.0     8   142G  62.5G    Yes ()
rvc-srv0272               REDHATE5_0       X5570 297.0     8   142G  62.5G    Yes ()
rvc-srv0273               REDHATE5_0       X5570 297.0     8   142G  62.5G    Yes ()
rvc-srv0274               REDHATE5_0       X5570 297.0     8   142G  62.5G    Yes ()
rvc-srv0275               REDHATE5_0       X5570 297.0     8  94.6G  62.5G    Yes ()
rvc-srv0276               REDHATE5_0       X5570 297.0     8  94.6G  62.5G    Yes ()
rvc-srv0277               REDHATE5_0       X5570 297.0     8   142G  62.5G    Yes ()
rvc-srv0278               REDHATE5_0       X5570 297.0     -      -      -    Yes ()
rvc-srv0279               REDHATE5_0       X5570 297.0     8   142G  62.5G    Yes ()
rvc-srv0280               REDHATE5_0       X5570 297.0     8   142G  62.5G    Yes ()
rvc-srv0281               REDHATE5_0       X5570 297.0     8   142G  62.5G    Yes ()
rvc-srv0282               REDHATE5_0       X5570 297.0     8   142G  62.5G    Yes ()
rvc-srv0283               REDHATE5_0       X5570 297.0     8   142G  62.5G    Yes ()
rvc-srv0284               REDHATE5_0       X5570 297.0     8   142G  62.5G    Yes ()
rvc-srv0285               REDHATE5_0       X5570 297.0     8   142G  62.5G    Yes ()
rvc-srv0286               REDHATE5_0       X5570 297.0     8   142G  62.5G    Yes ()
rvc-srv0287               REDHATE5_0       X5570 297.0     8   142G  62.5G    Yes ()
rvc-srv0288               REDHATE5_0       X5570 297.0     8   142G  62.5G    Yes ()
rvc-srv0289               REDHATE5_0       X5570 297.0     -      -      -    Yes ()
rvc-srv0290               REDHATE5_0       X5570 297.0     8   142G  62.5G    Yes ()
rvc-srv0291               REDHATE5_0       X5570 297.0     8   142G  62.5G    Yes ()
rvc-srv0292               REDHATE5_0       X5570 297.0     8   142G  62.5G    Yes ()
rvc-srv0293               REDHATE5_0       X5570 297.0     8   142G  62.5G    Yes ()
rvc-srv0294               REDHATE5_0       X5570 297.0     8   142G  62.5G    Yes ()
rvc-srv0295               REDHATE5_0       X5570 297.0     8   142G  62.5G    Yes ()
rvc-srv0296               REDHATE5_0       X5570 297.0     8   142G  62.5G    Yes ()
rvc-srv0297               REDHATE5_0       X5570 297.0     8   142G  62.5G    Yes ()
rvc-srv0298               REDHATE5_0       X5570 297.0     8   142G  62.5G    Yes ()
rvc-srv0299               REDHATE5_0       X5570 297.0     -      -      -    Yes ()
rvc-srv0300               REDHATE5_0       X5570 297.0     8   142G  62.5G    Yes ()
rvc-srv0301               REDHATE5_0       X5570 297.0     8   142G  62.5G    Yes ()
rvc-srv0302               REDHATE5_0       X5570 297.0     8   142G  62.5G    Yes ()
rvc-srv0303               REDHATE5_0       X5570 297.0     8   142G  62.5G    Yes ()
rvc-srv0304               REDHATE5_0       X5570 297.0     8   142G  62.5G    Yes ()
rvc-srv0305               REDHATE5_0       X5570 297.0     8   142G  62.5G    Yes ()
rvc-srv0306               REDHATE5_0       X5570 297.0     8   142G  62.5G    Yes ()
rvc-srv0307               REDHATE5_0       X5570 297.0     8   142G  62.5G    Yes ()
rvc-srv0308               REDHATE5_0       X5570 297.0     8   142G  62.5G    Yes ()
rvc-srv0309               REDHATE5_0       X5570 297.0     8   142G  62.5G    Yes ()
rvc-srv0310               REDHATE5_0       X5570 297.0     8   142G  62.5G    Yes ()
rvc-srv0311               REDHATE5_0       X5570 297.0     8   142G  62.5G    Yes ()
rvc-srv0312               REDHATE5_0       X5570 297.0     8   142G  62.5G    Yes ()
rvc-srv0313               REDHATE5_0       X5570 297.0     8   142G  62.5G    Yes ()
rvc-srv0314               REDHATE5_0       X5570 297.0     8   142G  62.5G    Yes ()
rvc-srv0315               REDHATE5_0       X5570 297.0     8   142G  62.5G    Yes ()
rvc-srv0316               REDHATE5_0       X5570 297.0     8   142G  62.5G    Yes ()
rvc-srv0317               REDHATE5_0       X5570 297.0     8   142G  62.5G    Yes ()
rvc-srv0318               REDHATE5_0       X5570 297.0     8   142G  62.5G    Yes ()
rvc-srv0319               REDHATE5_0       X5570 297.0     8   142G  62.5G    Yes ()
rvc-srv0320               REDHATE5_0       X5570 297.0     8 118.3G  62.5G    Yes ()
rvc-srv0321               REDHATE5_0       X5570 297.0     -      -      -    Yes ()
rvc-srv0322               REDHATE5_0       X5570 297.0     -      -      -    Yes ()
rvc-srv0000               REDHATE5_0      COREI7 100.0     -      -      -     No ()
